<?xml version="1.0" encoding="UTF-8"?>
<testsuite name="org.wikipedia.tests.OpenAppTest" tests="1" skipped="0" failures="0" errors="0" timestamp="2021-07-06T09:50:08" hostname="enextus" time="0.005">
  <properties/>
  <testcase name="testLaunchApp" classname="org.wikipedia.tests.OpenAppTest" time="0.005"/>
  <system-out><![CDATA[app launch
]]></system-out>
  <system-err><![CDATA[]]></system-err>
</testsuite>
