<?xml version="1.0" encoding="UTF-8"?>
<testsuite name="org.wikipedia.tests.OpenAppTest" tests="1" skipped="0" failures="0" errors="0" timestamp="2021-07-07T07:42:44" hostname="enextus" time="0.001">
  <properties/>
  <testcase name="testLaunchApp" classname="org.wikipedia.tests.OpenAppTest" time="0.001"/>
  <system-out><![CDATA[app launch
]]></system-out>
  <system-err><![CDATA[Jul 07, 2021 9:42:44 AM io.appium.java_client.remote.AppiumCommandExecutor$1 lambda$0
INFO: Detected dialect: W3C
]]></system-err>
</testsuite>
